<?xml version="1.0" encoding="UTF-8"?>
<coverage generated="1595881251069" clover="3.2.0">
  <project timestamp="1595881251069" name="All files">
    <metrics statements="29" coveredstatements="29" conditionals="8" coveredconditionals="7" methods="2" coveredmethods="2" elements="39" coveredelements="38" complexity="0" loc="29" ncloc="29" packages="1" files="1" classes="1"/>
    <file name="validator.js" path="D:\BootCamp-Laboratoria\LIM013-card-validation\src\validator.js">
      <metrics statements="29" coveredstatements="29" conditionals="8" coveredconditionals="7" methods="2" coveredmethods="2"/>
      <line num="1" count="1" type="stmt"/>
      <line num="5" count="3" type="stmt"/>
      <line num="7" count="3" type="stmt"/>
      <line num="8" count="3" type="stmt"/>
      <line num="13" count="3" type="stmt"/>
      <line num="17" count="34" type="stmt"/>
      <line num="19" count="34" type="cond" truecount="2" falsecount="0"/>
      <line num="23" count="18" type="stmt"/>
      <line num="24" count="18" type="stmt"/>
      <line num="27" count="16" type="stmt"/>
      <line num="28" count="16" type="cond" truecount="2" falsecount="0"/>
      <line num="30" count="8" type="stmt"/>
      <line num="32" count="8" type="cond" truecount="1" falsecount="1"/>
      <line num="35" count="8" type="stmt"/>
      <line num="36" count="8" type="stmt"/>
      <line num="37" count="8" type="stmt"/>
      <line num="39" count="16" type="stmt"/>
      <line num="41" count="34" type="stmt"/>
      <line num="42" count="34" type="stmt"/>
      <line num="43" count="34" type="stmt"/>
      <line num="46" count="3" type="cond" truecount="2" falsecount="0"/>
      <line num="48" count="2" type="stmt"/>
      <line num="52" count="1" type="stmt"/>
      <line num="61" count="3" type="stmt"/>
      <line num="62" count="3" type="stmt"/>
      <line num="64" count="3" type="stmt"/>
      <line num="66" count="18" type="stmt"/>
      <line num="68" count="3" type="stmt"/>
      <line num="70" count="3" type="stmt"/>
    </file>
  </project>
</coverage>
