{"D:\\BootCamp-Laboratoria\\LIM013-card-validation\\src\\validator.js": {"path":"D:\\BootCamp-Laboratoria\\LIM013-card-validation\\src\\validator.js","statementMap":{"0":{"start":{"line":1,"column":18},"end":{"line":73,"column":1}},"1":{"start":{"line":5,"column":21},"end":{"line":5,"column":23}},"2":{"start":{"line":7,"column":18},"end":{"line":7,"column":41}},"3":{"start":{"line":8,"column":13},"end":{"line":8,"column":14}},"4":{"start":{"line":13,"column":4},"end":{"line":44,"column":5}},"5":{"start":{"line":13,"column":17},"end":{"line":13,"column":18}},"6":{"start":{"line":17,"column":10},"end":{"line":17,"column":49}},"7":{"start":{"line":19,"column":6},"end":{"line":40,"column":7}},"8":{"start":{"line":23,"column":12},"end":{"line":23,"column":41}},"9":{"start":{"line":24,"column":8},"end":{"line":24,"column":14}},"10":{"start":{"line":27,"column":12},"end":{"line":27,"column":38}},"11":{"start":{"line":28,"column":12},"end":{"line":38,"column":17}},"12":{"start":{"line":30,"column":16},"end":{"line":30,"column":39}},"13":{"start":{"line":32,"column":19},"end":{"line":38,"column":17}},"14":{"start":{"line":35,"column":24},"end":{"line":35,"column":40}},"15":{"start":{"line":36,"column":30},"end":{"line":36,"column":77}},"16":{"start":{"line":37,"column":18},"end":{"line":37,"column":40}},"17":{"start":{"line":39,"column":8},"end":{"line":39,"column":14}},"18":{"start":{"line":41,"column":10},"end":{"line":41,"column":23}},"19":{"start":{"line":42,"column":4},"end":{"line":42,"column":16}},"20":{"start":{"line":43,"column":4},"end":{"line":43,"column":18}},"21":{"start":{"line":46,"column":4},"end":{"line":53,"column":7}},"22":{"start":{"line":48,"column":4},"end":{"line":48,"column":16}},"23":{"start":{"line":52,"column":10},"end":{"line":52,"column":23}},"24":{"start":{"line":61,"column":22},"end":{"line":61,"column":24}},"25":{"start":{"line":62,"column":18},"end":{"line":62,"column":41}},"26":{"start":{"line":64,"column":4},"end":{"line":67,"column":7}},"27":{"start":{"line":64,"column":14},"end":{"line":64,"column":15}},"28":{"start":{"line":66,"column":8},"end":{"line":66,"column":29}},"29":{"start":{"line":68,"column":16},"end":{"line":68,"column":76}},"30":{"start":{"line":70,"column":4},"end":{"line":70,"column":19}}},"fnMap":{"0":{"name":"isValid","decl":{"start":{"line":3,"column":19},"end":{"line":3,"column":26}},"loc":{"start":{"line":4,"column":2},"end":{"line":54,"column":3}},"line":4},"1":{"name":"maskify","decl":{"start":{"line":59,"column":19},"end":{"line":59,"column":26}},"loc":{"start":{"line":60,"column":2},"end":{"line":72,"column":3}},"line":60}},"branchMap":{"0":{"loc":{"start":{"line":19,"column":6},"end":{"line":40,"column":7}},"type":"switch","locations":[{"start":{"line":22,"column":8},"end":{"line":24,"column":14}},{"start":{"line":26,"column":8},"end":{"line":39,"column":14}}],"line":19},"1":{"loc":{"start":{"line":28,"column":12},"end":{"line":38,"column":17}},"type":"if","locations":[{"start":{"line":28,"column":12},"end":{"line":38,"column":17}},{"start":{"line":28,"column":12},"end":{"line":38,"column":17}}],"line":28},"2":{"loc":{"start":{"line":32,"column":19},"end":{"line":38,"column":17}},"type":"if","locations":[{"start":{"line":32,"column":19},"end":{"line":38,"column":17}},{"start":{"line":32,"column":19},"end":{"line":38,"column":17}}],"line":32},"3":{"loc":{"start":{"line":46,"column":4},"end":{"line":53,"column":7}},"type":"if","locations":[{"start":{"line":46,"column":4},"end":{"line":53,"column":7}},{"start":{"line":46,"column":4},"end":{"line":53,"column":7}}],"line":46}},"s":{"0":1,"1":3,"2":3,"3":3,"4":3,"5":3,"6":34,"7":34,"8":18,"9":18,"10":16,"11":16,"12":8,"13":8,"14":8,"15":8,"16":8,"17":16,"18":34,"19":34,"20":34,"21":3,"22":2,"23":1,"24":3,"25":3,"26":3,"27":3,"28":18,"29":3,"30":3},"f":{"0":3,"1":3},"b":{"0":[18,16],"1":[8,8],"2":[8,0],"3":[2,1]},"_coverageSchema":"43e27e138ebf9cfc5966b082cf9a028302ed4184","hash":"bd74119994d902f571240585fc869f5d0314d805"}
}
