TN:
SF:D:\BootCamp-Laboratoria\LIM013-card-validation\src\validator.js
FN:3,isValid
FN:59,maskify
FNF:2
FNH:2
FNDA:3,isValid
FNDA:3,maskify
DA:1,1
DA:5,3
DA:7,3
DA:8,3
DA:13,3
DA:17,34
DA:19,34
DA:23,18
DA:24,18
DA:27,16
DA:28,16
DA:30,8
DA:32,8
DA:35,8
DA:36,8
DA:37,8
DA:39,16
DA:41,34
DA:42,34
DA:43,34
DA:46,3
DA:48,2
DA:52,1
DA:61,3
DA:62,3
DA:64,3
DA:66,18
DA:68,3
DA:70,3
LF:29
LH:29
BRDA:19,0,0,18
BRDA:19,0,1,16
BRDA:28,1,0,8
BRDA:28,1,1,8
BRDA:32,2,0,8
BRDA:32,2,1,0
BRDA:46,3,0,2
BRDA:46,3,1,1
BRF:8
BRH:7
end_of_record
